<?xml version="1.0" encoding="UTF-8"?>
<robot generator="Robot 6.1.1 (Python 3.12.0 on win32)" generated="20231116 16:08:32.125" rpa="false" schemaversion="4">
<suite id="s1" name="bluePi" source="C:\Users\phatthanan.rittichai\Documents\Robot bluePi\bluePi.robot">
<test id="s1-t1" name="Test Adding New Tasks" line="17">
<kw name="Open Todo List Page" type="SETUP">
<kw name="Open Browser" library="SeleniumLibrary">
<arg>${URL}</arg>
<arg>Chrome</arg>
<doc>Opens a new browser instance to the optional ``url``.</doc>
<msg timestamp="20231116 16:08:32.427" level="INFO">Opening browser 'Chrome' to base url 'https://abhigyank.github.io/To-Do-List/'.</msg>
<status status="PASS" starttime="20231116 16:08:32.427" endtime="20231116 16:08:37.914"/>
</kw>
<kw name="Wait Until Page Contains Element" library="SeleniumLibrary">
<arg>id=new-task</arg>
<doc>Waits until the element ``locator`` appears on the current page.</doc>
<status status="PASS" starttime="20231116 16:08:37.914" endtime="20231116 16:08:37.926"/>
</kw>
<status status="PASS" starttime="20231116 16:08:32.427" endtime="20231116 16:08:37.926"/>
</kw>
<kw name="Add Task">
<arg>${Task1}</arg>
<kw name="Input Text" library="SeleniumLibrary">
<arg>id=new-task</arg>
<arg>${task}</arg>
<doc>Types the given ``text`` into the text field identified by ``locator``.</doc>
<msg timestamp="20231116 16:08:37.929" level="INFO">Typing text 'Buy groceries' into text field 'id=new-task'.</msg>
<status status="PASS" starttime="20231116 16:08:37.929" endtime="20231116 16:08:38.020"/>
</kw>
<kw name="Press Keys" library="SeleniumLibrary">
<arg>id=new-task</arg>
<arg>//3</arg>
<doc>Simulates the user pressing key(s) to an element or on the active browser.</doc>
<msg timestamp="20231116 16:08:38.021" level="INFO">Sending key(s) ('//3',) to id=new-task element.</msg>
<msg timestamp="20231116 16:08:38.314" level="INFO">Sending keys //3</msg>
<status status="PASS" starttime="20231116 16:08:38.020" endtime="20231116 16:08:38.324"/>
</kw>
<kw name="Wait Until Element Is Visible" library="SeleniumLibrary">
<arg>xpath=//button[contains(@class, 'mdl-button--colored') and .//i[contains(text(), 'add')]]</arg>
<arg>timeout=10s</arg>
<doc>Waits until the element ``locator`` is visible.</doc>
<status status="PASS" starttime="20231116 16:08:38.324" endtime="20231116 16:08:38.387"/>
</kw>
<kw name="Click Element" library="SeleniumLibrary">
<arg>xpath=//button[contains(@class, 'mdl-button--colored') and .//i[contains(text(), 'add')]]</arg>
<doc>Click the element identified by ``locator``.</doc>
<msg timestamp="20231116 16:08:38.388" level="INFO">Clicking element 'xpath=//button[contains(@class, 'mdl-button--colored') and .//i[contains(text(), 'add')]]'.</msg>
<status status="PASS" starttime="20231116 16:08:38.388" endtime="20231116 16:08:38.434"/>
</kw>
<status status="PASS" starttime="20231116 16:08:37.928" endtime="20231116 16:08:38.434"/>
</kw>
<kw name="Close Browser" library="SeleniumLibrary" type="TEARDOWN">
<doc>Closes the current browser.</doc>
<status status="PASS" starttime="20231116 16:08:38.435" endtime="20231116 16:08:40.675"/>
</kw>
<tag>@AddingTasks</tag>
<status status="PASS" starttime="20231116 16:08:32.426" endtime="20231116 16:08:40.675"/>
</test>
<test id="s1-t2" name="Test Marking Tasks as Completed" line="22">
<kw name="Open Todo List Page" type="SETUP">
<kw name="Open Browser" library="SeleniumLibrary">
<arg>${URL}</arg>
<arg>Chrome</arg>
<doc>Opens a new browser instance to the optional ``url``.</doc>
<msg timestamp="20231116 16:08:40.678" level="INFO">Opening browser 'Chrome' to base url 'https://abhigyank.github.io/To-Do-List/'.</msg>
<status status="PASS" starttime="20231116 16:08:40.677" endtime="20231116 16:08:45.749"/>
</kw>
<kw name="Wait Until Page Contains Element" library="SeleniumLibrary">
<arg>id=new-task</arg>
<doc>Waits until the element ``locator`` appears on the current page.</doc>
<status status="PASS" starttime="20231116 16:08:45.749" endtime="20231116 16:08:46.421"/>
</kw>
<status status="PASS" starttime="20231116 16:08:40.677" endtime="20231116 16:08:46.421"/>
</kw>
<kw name="Add Task">
<arg>${Task2}</arg>
<kw name="Input Text" library="SeleniumLibrary">
<arg>id=new-task</arg>
<arg>${task}</arg>
<doc>Types the given ``text`` into the text field identified by ``locator``.</doc>
<msg timestamp="20231116 16:08:46.423" level="INFO">Typing text 'Finish homework' into text field 'id=new-task'.</msg>
<status status="PASS" starttime="20231116 16:08:46.422" endtime="20231116 16:08:46.548"/>
</kw>
<kw name="Press Keys" library="SeleniumLibrary">
<arg>id=new-task</arg>
<arg>//3</arg>
<doc>Simulates the user pressing key(s) to an element or on the active browser.</doc>
<msg timestamp="20231116 16:08:46.550" level="INFO">Sending key(s) ('//3',) to id=new-task element.</msg>
<msg timestamp="20231116 16:08:46.835" level="INFO">Sending keys //3</msg>
<status status="PASS" starttime="20231116 16:08:46.548" endtime="20231116 16:08:46.850"/>
</kw>
<kw name="Wait Until Element Is Visible" library="SeleniumLibrary">
<arg>xpath=//button[contains(@class, 'mdl-button--colored') and .//i[contains(text(), 'add')]]</arg>
<arg>timeout=10s</arg>
<doc>Waits until the element ``locator`` is visible.</doc>
<status status="PASS" starttime="20231116 16:08:46.850" endtime="20231116 16:08:46.869"/>
</kw>
<kw name="Click Element" library="SeleniumLibrary">
<arg>xpath=//button[contains(@class, 'mdl-button--colored') and .//i[contains(text(), 'add')]]</arg>
<doc>Click the element identified by ``locator``.</doc>
<msg timestamp="20231116 16:08:46.870" level="INFO">Clicking element 'xpath=//button[contains(@class, 'mdl-button--colored') and .//i[contains(text(), 'add')]]'.</msg>
<status status="PASS" starttime="20231116 16:08:46.869" endtime="20231116 16:08:46.899"/>
</kw>
<status status="PASS" starttime="20231116 16:08:46.421" endtime="20231116 16:08:46.899"/>
</kw>
<kw name="Mark Task as Completed">
<arg>${Task2}</arg>
<kw name="Wait Until Element Is Visible" library="SeleniumLibrary">
<arg>css=.mdl-tabs__tab-bar .mdl-tabs__tab[href="#todo"]</arg>
<arg>timeout=10s</arg>
<doc>Waits until the element ``locator`` is visible.</doc>
<status status="PASS" starttime="20231116 16:08:46.899" endtime="20231116 16:08:46.920"/>
</kw>
<kw name="Click Element" library="SeleniumLibrary">
<arg>css=.mdl-tabs__tab-bar .mdl-tabs__tab[href="#todo"]</arg>
<doc>Click the element identified by ``locator``.</doc>
<msg timestamp="20231116 16:08:46.921" level="INFO">Clicking element 'css=.mdl-tabs__tab-bar .mdl-tabs__tab[href="#todo"]'.</msg>
<status status="PASS" starttime="20231116 16:08:46.920" endtime="20231116 16:08:46.967"/>
</kw>
<kw name="Wait Until Element Is Visible" library="SeleniumLibrary">
<arg>css=.mdl-checkbox__focus-helper</arg>
<arg>timeout=10s</arg>
<doc>Waits until the element ``locator`` is visible.</doc>
<status status="PASS" starttime="20231116 16:08:46.968" endtime="20231116 16:08:46.992"/>
</kw>
<kw name="Execute Javascript" library="SeleniumLibrary">
<arg>document.querySelector('.mdl-checkbox__focus-helper').click();</arg>
<doc>Executes the given JavaScript code with possible arguments.</doc>
<msg timestamp="20231116 16:08:46.992" level="INFO">Executing JavaScript:
document.querySelector('.mdl-checkbox__focus-helper').click();
Without any arguments.</msg>
<status status="PASS" starttime="20231116 16:08:46.992" endtime="20231116 16:08:46.999"/>
</kw>
<kw name="Wait Until Element Is Visible" library="SeleniumLibrary">
<arg>css=.mdl-tabs__tab-bar .mdl-tabs__tab[href="#completed"]</arg>
<arg>timeout=10s</arg>
<doc>Waits until the element ``locator`` is visible.</doc>
<status status="PASS" starttime="20231116 16:08:47.000" endtime="20231116 16:08:47.021"/>
</kw>
<kw name="Click Element" library="SeleniumLibrary">
<arg>css=.mdl-tabs__tab-bar .mdl-tabs__tab[href="#completed"]</arg>
<doc>Click the element identified by ``locator``.</doc>
<msg timestamp="20231116 16:08:47.021" level="INFO">Clicking element 'css=.mdl-tabs__tab-bar .mdl-tabs__tab[href="#completed"]'.</msg>
<status status="PASS" starttime="20231116 16:08:47.021" endtime="20231116 16:08:47.066"/>
</kw>
<status status="PASS" starttime="20231116 16:08:46.899" endtime="20231116 16:08:47.066"/>
</kw>
<kw name="Close Browser" library="SeleniumLibrary" type="TEARDOWN">
<doc>Closes the current browser.</doc>
<status status="PASS" starttime="20231116 16:08:47.066" endtime="20231116 16:08:49.325"/>
</kw>
<tag>@CompletingTasks</tag>
<status status="PASS" starttime="20231116 16:08:40.677" endtime="20231116 16:08:49.326"/>
</test>
<test id="s1-t3" name="Test Deleting Tasks" line="29">
<kw name="Open Todo List Page" type="SETUP">
<kw name="Open Browser" library="SeleniumLibrary">
<arg>${URL}</arg>
<arg>Chrome</arg>
<doc>Opens a new browser instance to the optional ``url``.</doc>
<msg timestamp="20231116 16:08:49.329" level="INFO">Opening browser 'Chrome' to base url 'https://abhigyank.github.io/To-Do-List/'.</msg>
<status status="PASS" starttime="20231116 16:08:49.329" endtime="20231116 16:08:54.194"/>
</kw>
<kw name="Wait Until Page Contains Element" library="SeleniumLibrary">
<arg>id=new-task</arg>
<doc>Waits until the element ``locator`` appears on the current page.</doc>
<status status="PASS" starttime="20231116 16:08:54.194" endtime="20231116 16:08:54.211"/>
</kw>
<status status="PASS" starttime="20231116 16:08:49.328" endtime="20231116 16:08:54.211"/>
</kw>
<kw name="Add Task">
<arg>${Task3}</arg>
<kw name="Input Text" library="SeleniumLibrary">
<arg>id=new-task</arg>
<arg>${task}</arg>
<doc>Types the given ``text`` into the text field identified by ``locator``.</doc>
<msg timestamp="20231116 16:08:54.212" level="INFO">Typing text 'Call mom' into text field 'id=new-task'.</msg>
<status status="PASS" starttime="20231116 16:08:54.212" endtime="20231116 16:08:54.340"/>
</kw>
<kw name="Press Keys" library="SeleniumLibrary">
<arg>id=new-task</arg>
<arg>//3</arg>
<doc>Simulates the user pressing key(s) to an element or on the active browser.</doc>
<msg timestamp="20231116 16:08:54.342" level="INFO">Sending key(s) ('//3',) to id=new-task element.</msg>
<msg timestamp="20231116 16:08:54.632" level="INFO">Sending keys //3</msg>
<status status="PASS" starttime="20231116 16:08:54.340" endtime="20231116 16:08:54.647"/>
</kw>
<kw name="Wait Until Element Is Visible" library="SeleniumLibrary">
<arg>xpath=//button[contains(@class, 'mdl-button--colored') and .//i[contains(text(), 'add')]]</arg>
<arg>timeout=10s</arg>
<doc>Waits until the element ``locator`` is visible.</doc>
<status status="PASS" starttime="20231116 16:08:54.647" endtime="20231116 16:08:54.674"/>
</kw>
<kw name="Click Element" library="SeleniumLibrary">
<arg>xpath=//button[contains(@class, 'mdl-button--colored') and .//i[contains(text(), 'add')]]</arg>
<doc>Click the element identified by ``locator``.</doc>
<msg timestamp="20231116 16:08:54.675" level="INFO">Clicking element 'xpath=//button[contains(@class, 'mdl-button--colored') and .//i[contains(text(), 'add')]]'.</msg>
<status status="PASS" starttime="20231116 16:08:54.674" endtime="20231116 16:08:54.724"/>
</kw>
<status status="PASS" starttime="20231116 16:08:54.212" endtime="20231116 16:08:54.724"/>
</kw>
<kw name="Delete Task">
<arg>${Task3}</arg>
<kw name="Wait Until Element Is Visible" library="SeleniumLibrary">
<arg>css=.mdl-tabs__tab-bar .mdl-tabs__tab[href="#todo"]</arg>
<arg>timeout=10s</arg>
<doc>Waits until the element ``locator`` is visible.</doc>
<status status="PASS" starttime="20231116 16:08:54.724" endtime="20231116 16:08:54.746"/>
</kw>
<kw name="Click Element" library="SeleniumLibrary">
<arg>css=.mdl-tabs__tab-bar .mdl-tabs__tab[href="#todo"]</arg>
<doc>Click the element identified by ``locator``.</doc>
<msg timestamp="20231116 16:08:54.746" level="INFO">Clicking element 'css=.mdl-tabs__tab-bar .mdl-tabs__tab[href="#todo"]'.</msg>
<status status="PASS" starttime="20231116 16:08:54.746" endtime="20231116 16:08:54.787"/>
</kw>
<kw name="Wait Until Element Is Visible" library="SeleniumLibrary">
<arg>xpath=//button[@class='mdl-button mdl-js-button mdl-js-ripple-effect delete' and @id='1' and contains(text(), 'Delete')]</arg>
<arg>timeout=10s</arg>
<doc>Waits until the element ``locator`` is visible.</doc>
<status status="PASS" starttime="20231116 16:08:54.787" endtime="20231116 16:08:54.810"/>
</kw>
<kw name="Click Element" library="SeleniumLibrary">
<arg>xpath=//button[@class='mdl-button mdl-js-button mdl-js-ripple-effect delete' and @id='1' and contains(text(), 'Delete')]</arg>
<doc>Click the element identified by ``locator``.</doc>
<msg timestamp="20231116 16:08:54.810" level="INFO">Clicking element 'xpath=//button[@class='mdl-button mdl-js-button mdl-js-ripple-effect delete' and @id='1' and contains(text(), 'Delete')]'.</msg>
<status status="PASS" starttime="20231116 16:08:54.810" endtime="20231116 16:08:54.859"/>
</kw>
<kw name="Wait Until Element Is Visible" library="SeleniumLibrary">
<arg>css=.mdl-tabs__tab-bar .mdl-tabs__tab[href="#completed"]</arg>
<arg>timeout=10s</arg>
<doc>Waits until the element ``locator`` is visible.</doc>
<status status="PASS" starttime="20231116 16:08:54.859" endtime="20231116 16:08:54.882"/>
</kw>
<kw name="Click Element" library="SeleniumLibrary">
<arg>css=.mdl-tabs__tab-bar .mdl-tabs__tab[href="#completed"]</arg>
<doc>Click the element identified by ``locator``.</doc>
<msg timestamp="20231116 16:08:54.882" level="INFO">Clicking element 'css=.mdl-tabs__tab-bar .mdl-tabs__tab[href="#completed"]'.</msg>
<status status="PASS" starttime="20231116 16:08:54.882" endtime="20231116 16:08:54.918"/>
</kw>
<status status="PASS" starttime="20231116 16:08:54.724" endtime="20231116 16:08:54.918"/>
</kw>
<kw name="Close Browser" library="SeleniumLibrary" type="TEARDOWN">
<doc>Closes the current browser.</doc>
<status status="PASS" starttime="20231116 16:08:54.919" endtime="20231116 16:08:57.163"/>
</kw>
<tag>@DeletingTasks</tag>
<status status="PASS" starttime="20231116 16:08:49.328" endtime="20231116 16:08:57.164"/>
</test>
<test id="s1-t4" name="Test Deleting completed task" line="36">
<kw name="Open Todo List Page" type="SETUP">
<kw name="Open Browser" library="SeleniumLibrary">
<arg>${URL}</arg>
<arg>Chrome</arg>
<doc>Opens a new browser instance to the optional ``url``.</doc>
<msg timestamp="20231116 16:08:57.166" level="INFO">Opening browser 'Chrome' to base url 'https://abhigyank.github.io/To-Do-List/'.</msg>
<status status="PASS" starttime="20231116 16:08:57.166" endtime="20231116 16:09:02.218"/>
</kw>
<kw name="Wait Until Page Contains Element" library="SeleniumLibrary">
<arg>id=new-task</arg>
<doc>Waits until the element ``locator`` appears on the current page.</doc>
<status status="PASS" starttime="20231116 16:09:02.218" endtime="20231116 16:09:02.229"/>
</kw>
<status status="PASS" starttime="20231116 16:08:57.166" endtime="20231116 16:09:02.229"/>
</kw>
<kw name="Add Task">
<arg>${Task4}</arg>
<kw name="Input Text" library="SeleniumLibrary">
<arg>id=new-task</arg>
<arg>${task}</arg>
<doc>Types the given ``text`` into the text field identified by ``locator``.</doc>
<msg timestamp="20231116 16:09:02.232" level="INFO">Typing text 'work out' into text field 'id=new-task'.</msg>
<status status="PASS" starttime="20231116 16:09:02.231" endtime="20231116 16:09:02.336"/>
</kw>
<kw name="Press Keys" library="SeleniumLibrary">
<arg>id=new-task</arg>
<arg>//3</arg>
<doc>Simulates the user pressing key(s) to an element or on the active browser.</doc>
<msg timestamp="20231116 16:09:02.337" level="INFO">Sending key(s) ('//3',) to id=new-task element.</msg>
<msg timestamp="20231116 16:09:02.620" level="INFO">Sending keys //3</msg>
<status status="PASS" starttime="20231116 16:09:02.336" endtime="20231116 16:09:02.635"/>
</kw>
<kw name="Wait Until Element Is Visible" library="SeleniumLibrary">
<arg>xpath=//button[contains(@class, 'mdl-button--colored') and .//i[contains(text(), 'add')]]</arg>
<arg>timeout=10s</arg>
<doc>Waits until the element ``locator`` is visible.</doc>
<status status="PASS" starttime="20231116 16:09:02.635" endtime="20231116 16:09:02.654"/>
</kw>
<kw name="Click Element" library="SeleniumLibrary">
<arg>xpath=//button[contains(@class, 'mdl-button--colored') and .//i[contains(text(), 'add')]]</arg>
<doc>Click the element identified by ``locator``.</doc>
<msg timestamp="20231116 16:09:02.654" level="INFO">Clicking element 'xpath=//button[contains(@class, 'mdl-button--colored') and .//i[contains(text(), 'add')]]'.</msg>
<status status="PASS" starttime="20231116 16:09:02.654" endtime="20231116 16:09:02.683"/>
</kw>
<status status="PASS" starttime="20231116 16:09:02.230" endtime="20231116 16:09:02.683"/>
</kw>
<kw name="Mark Task as Completed">
<arg>${Task4}</arg>
<kw name="Wait Until Element Is Visible" library="SeleniumLibrary">
<arg>css=.mdl-tabs__tab-bar .mdl-tabs__tab[href="#todo"]</arg>
<arg>timeout=10s</arg>
<doc>Waits until the element ``locator`` is visible.</doc>
<status status="PASS" starttime="20231116 16:09:02.684" endtime="20231116 16:09:02.704"/>
</kw>
<kw name="Click Element" library="SeleniumLibrary">
<arg>css=.mdl-tabs__tab-bar .mdl-tabs__tab[href="#todo"]</arg>
<doc>Click the element identified by ``locator``.</doc>
<msg timestamp="20231116 16:09:02.704" level="INFO">Clicking element 'css=.mdl-tabs__tab-bar .mdl-tabs__tab[href="#todo"]'.</msg>
<status status="PASS" starttime="20231116 16:09:02.704" endtime="20231116 16:09:02.743"/>
</kw>
<kw name="Wait Until Element Is Visible" library="SeleniumLibrary">
<arg>css=.mdl-checkbox__focus-helper</arg>
<arg>timeout=10s</arg>
<doc>Waits until the element ``locator`` is visible.</doc>
<status status="PASS" starttime="20231116 16:09:02.743" endtime="20231116 16:09:02.762"/>
</kw>
<kw name="Execute Javascript" library="SeleniumLibrary">
<arg>document.querySelector('.mdl-checkbox__focus-helper').click();</arg>
<doc>Executes the given JavaScript code with possible arguments.</doc>
<msg timestamp="20231116 16:09:02.764" level="INFO">Executing JavaScript:
document.querySelector('.mdl-checkbox__focus-helper').click();
Without any arguments.</msg>
<status status="PASS" starttime="20231116 16:09:02.762" endtime="20231116 16:09:02.769"/>
</kw>
<kw name="Wait Until Element Is Visible" library="SeleniumLibrary">
<arg>css=.mdl-tabs__tab-bar .mdl-tabs__tab[href="#completed"]</arg>
<arg>timeout=10s</arg>
<doc>Waits until the element ``locator`` is visible.</doc>
<status status="PASS" starttime="20231116 16:09:02.769" endtime="20231116 16:09:02.788"/>
</kw>
<kw name="Click Element" library="SeleniumLibrary">
<arg>css=.mdl-tabs__tab-bar .mdl-tabs__tab[href="#completed"]</arg>
<doc>Click the element identified by ``locator``.</doc>
<msg timestamp="20231116 16:09:02.789" level="INFO">Clicking element 'css=.mdl-tabs__tab-bar .mdl-tabs__tab[href="#completed"]'.</msg>
<status status="PASS" starttime="20231116 16:09:02.788" endtime="20231116 16:09:02.824"/>
</kw>
<status status="PASS" starttime="20231116 16:09:02.683" endtime="20231116 16:09:02.824"/>
</kw>
<kw name="Delete Completed Task">
<arg>${Task4}</arg>
<kw name="Wait Until Element Is Visible" library="SeleniumLibrary">
<arg>css=.mdl-tabs__tab-bar .mdl-tabs__tab[href="#completed"]</arg>
<arg>timeout=10s</arg>
<doc>Waits until the element ``locator`` is visible.</doc>
<status status="PASS" starttime="20231116 16:09:02.824" endtime="20231116 16:09:02.840"/>
</kw>
<kw name="Click Element" library="SeleniumLibrary">
<arg>css=.mdl-tabs__tab-bar .mdl-tabs__tab[href="#completed"]</arg>
<doc>Click the element identified by ``locator``.</doc>
<msg timestamp="20231116 16:09:02.840" level="INFO">Clicking element 'css=.mdl-tabs__tab-bar .mdl-tabs__tab[href="#completed"]'.</msg>
<status status="PASS" starttime="20231116 16:09:02.840" endtime="20231116 16:09:02.871"/>
</kw>
<kw name="Wait Until Element Is Visible" library="SeleniumLibrary">
<arg>xpath=//button[contains(@class, 'mdl-button') and contains(@class, 'delete') and contains(text(), 'Delete')]</arg>
<arg>timeout=10s</arg>
<doc>Waits until the element ``locator`` is visible.</doc>
<status status="PASS" starttime="20231116 16:09:02.871" endtime="20231116 16:09:02.890"/>
</kw>
<kw name="Click Element" library="SeleniumLibrary">
<arg>xpath=//button[contains(@class, 'mdl-button') and contains(@class, 'delete') and contains(text(), 'Delete')]</arg>
<doc>Click the element identified by ``locator``.</doc>
<msg timestamp="20231116 16:09:02.892" level="INFO">Clicking element 'xpath=//button[contains(@class, 'mdl-button') and contains(@class, 'delete') and contains(text(), 'Delete')]'.</msg>
<status status="PASS" starttime="20231116 16:09:02.890" endtime="20231116 16:09:02.922"/>
</kw>
<status status="PASS" starttime="20231116 16:09:02.824" endtime="20231116 16:09:02.922"/>
</kw>
<kw name="Close Browser" library="SeleniumLibrary" type="TEARDOWN">
<doc>Closes the current browser.</doc>
<status status="PASS" starttime="20231116 16:09:02.923" endtime="20231116 16:09:05.184"/>
</kw>
<tag>@DeletingCompleated</tag>
<status status="PASS" starttime="20231116 16:08:57.165" endtime="20231116 16:09:05.184"/>
</test>
<doc>Automated tests for Todo List website</doc>
<status status="PASS" starttime="20231116 16:08:32.128" endtime="20231116 16:09:05.187"/>
</suite>
<statistics>
<total>
<stat pass="4" fail="0" skip="0">All Tests</stat>
</total>
<tag>
<stat pass="1" fail="0" skip="0">@AddingTasks</stat>
<stat pass="1" fail="0" skip="0">@CompletingTasks</stat>
<stat pass="1" fail="0" skip="0">@DeletingCompleated</stat>
<stat pass="1" fail="0" skip="0">@DeletingTasks</stat>
</tag>
<suite>
<stat pass="4" fail="0" skip="0" id="s1" name="bluePi">bluePi</stat>
</suite>
</statistics>
<errors>
</errors>
</robot>
